#
# There is insufficient memory for the Java Runtime Environment to continue.
# Native memory allocation (mmap) failed to map 132120576 bytes. Error detail: G1 virtual space
# Possible reasons:
#   The system is out of physical RAM or swap space
#   This process is running with CompressedOops enabled, and the Java Heap may be blocking the growth of the native heap
# Possible solutions:
#   Reduce memory load on the system
#   Increase physical memory or swap space
#   Check if swap backing store is full
#   Decrease Java heap size (-Xmx/-Xms)
#   Decrease number of Java threads
#   Decrease Java thread stack sizes (-Xss)
#   Set larger code cache with -XX:ReservedCodeCacheSize=
#   JVM is running with Unscaled Compressed Oops mode in which the Java heap is
#     placed in the first 4GB address space. The Java Heap base address is the
#     maximum limit for the native heap growth. Please use -XX:HeapBaseMinAddress
#     to set the Java Heap base and to place the Java Heap above 4GB virtual address.
# This output file may be truncated or incomplete.
#
#  Out of Memory Error (os_windows.cpp:3613), pid=27236, tid=23136
#
# JRE version:  (17.0.12+7) (build )
# Java VM: OpenJDK 64-Bit Server VM (17.0.12+7, mixed mode, sharing, tiered, compressed oops, compressed class ptrs, g1 gc, windows-amd64)
# No core dump will be written. Minidumps are not enabled by default on client versions of Windows
#

---------------  S U M M A R Y ------------

Command Line: -Dfile.encoding=UTF-8 --module-path=C:\Life Code\Project\UniversityProject\build\classes universityproject.About

Host: Intel(R) Core(TM) i5-8350U CPU @ 1.70GHz, 8 cores, 7G,  Windows 11 , 64 bit Build 26100 (10.0.26100.2454)
Time: Tue Dec 10 01:13:01 2024 Bangladesh Standard Time elapsed time: 2.021534 seconds (0d 0h 0m 2s)

---------------  T H R E A D  ---------------

Current thread (0x00000239e504f2c0):  JavaThread "Unknown thread" [_thread_in_vm, id=23136, stack(0x000000eacd700000,0x000000eacd800000)]

Stack: [0x000000eacd700000,0x000000eacd800000]
Native frames: (J=compiled Java code, j=interpreted, Vv=VM code, C=native code)
V  [jvm.dll+0x67f929]
V  [jvm.dll+0x8371ba]
V  [jvm.dll+0x838c7e]
V  [jvm.dll+0x8392e3]
V  [jvm.dll+0x24834f]
V  [jvm.dll+0x67c6e9]
V  [jvm.dll+0x6711aa]
V  [jvm.dll+0x307f7b]
V  [jvm.dll+0x30f476]
V  [jvm.dll+0x35f63e]
V  [jvm.dll+0x35f87f]
V  [jvm.dll+0x2def9c]
V  [jvm.dll+0x2dfef4]
V  [jvm.dll+0x808a4b]
V  [jvm.dll+0x36d3b1]
V  [jvm.dll+0x7e7425]
V  [jvm.dll+0x3f0edf]
V  [jvm.dll+0x3f2a31]
C  [jli.dll+0x528f]
C  [ucrtbase.dll+0x14ea0]
C  [KERNEL32.DLL+0x2e8d7]
C  [ntdll.dll+0xdfbcc]


---------------  P R O C E S S  ---------------

Threads class SMR info:
_java_thread_list=0x00007ffd0f016f18, length=0, elements={
}

Java Threads: ( => current thread )

Other Threads:
  0x00000239e50af070 GCTaskThread "GC Thread#0" [stack: 0x000000eacd800000,0x000000eacd900000] [id=25804]
  0x00000239e50bfac0 ConcurrentGCThread "G1 Main Marker" [stack: 0x000000eacd900000,0x000000eacda00000] [id=26584]
  0x00000239e50c1220 ConcurrentGCThread "G1 Conc#0" [stack: 0x000000eacda00000,0x000000eacdb00000] [id=26580]

[error occurred during error reporting (printing all threads), id 0xc0000005, EXCEPTION_ACCESS_VIOLATION (0xc0000005) at pc=0x00007ffd0e7cf697]

VM state: not at safepoint (not fully initialized)

VM Mutex/Monitor currently owned by a thread:  ([mutex/lock_event])
[0x00000239e504a610] Heap_lock - owner thread: 0x00000239e504f2c0

Heap address: 0x0000000082800000, size: 2008 MB, Compressed Oops mode: 32-bit

CDS archive(s) mapped at: [0x0000000000000000-0x0000000000000000-0x0000000000000000), size 0, SharedBaseAddress: 0x0000000800000000, ArchiveRelocationMode: 1.
Narrow klass base: 0x0000000000000000, Narrow klass shift: 0, Narrow klass range: 0x0

GC Precious Log:
<Empty>

Heap:
 garbage-first heap   total 0K, used 0K [0x0000000082800000, 0x0000000100000000)
  region size 1024K, 0 young (0K), 0 survivors (0K)

[error occurred during error reporting (printing heap information), id 0xc0000005, EXCEPTION_ACCESS_VIOLATION (0xc0000005) at pc=0x00007ffd0ebb8bf9]

GC Heap History (0 events):
No events

Dll operation events (1 events):
Event: 0.016 Loaded shared library C:\Program Files\Eclipse Adoptium\jdk-17.0.12.7-hotspot\bin\java.dll

Deoptimization events (0 events):
No events

Classes loaded (0 events):
No events

Classes unloaded (0 events):
No events

Classes redefined (0 events):
No events

Internal exceptions (0 events):
No events

VM Operations (0 events):
No events

Events (0 events):
No events


Dynamic libraries:
0x00007ff6f6a30000 - 0x00007ff6f6a3e000 	C:\Program Files\Eclipse Adoptium\jdk-17.0.12.7-hotspot\bin\java.exe
0x00007ffd933e0000 - 0x00007ffd93643000 	C:\WINDOWS\SYSTEM32\ntdll.dll
0x00007ffd91eb0000 - 0x00007ffd91f78000 	C:\WINDOWS\System32\KERNEL32.DLL
0x00007ffd90db0000 - 0x00007ffd91162000 	C:\WINDOWS\System32\KERNELBASE.dll
0x00007ffd90c60000 - 0x00007ffd90dab000 	C:\WINDOWS\System32\ucrtbase.dll
0x00007ffd66290000 - 0x00007ffd662a7000 	C:\Program Files\Eclipse Adoptium\jdk-17.0.12.7-hotspot\bin\jli.dll
0x00007ffd687f0000 - 0x00007ffd6880b000 	C:\Program Files\Eclipse Adoptium\jdk-17.0.12.7-hotspot\bin\VCRUNTIME140.dll
0x00007ffd91550000 - 0x00007ffd91718000 	C:\WINDOWS\System32\USER32.dll
0x00007ffd7b800000 - 0x00007ffd7ba90000 	C:\WINDOWS\WinSxS\amd64_microsoft.windows.common-controls_6595b64144ccf1df_6.0.26100.2454_none_3e0b68a2e331ad60\COMCTL32.dll
0x00007ffd91170000 - 0x00007ffd91197000 	C:\WINDOWS\System32\win32u.dll
0x00007ffd913d0000 - 0x00007ffd91479000 	C:\WINDOWS\System32\msvcrt.dll
0x00007ffd92820000 - 0x00007ffd9284a000 	C:\WINDOWS\System32\GDI32.dll
0x00007ffd90b30000 - 0x00007ffd90c5b000 	C:\WINDOWS\System32\gdi32full.dll
0x00007ffd90870000 - 0x00007ffd90913000 	C:\WINDOWS\System32\msvcp_win.dll
0x00007ffd92b10000 - 0x00007ffd92b3f000 	C:\WINDOWS\System32\IMM32.DLL
0x00007ffd79360000 - 0x00007ffd7936c000 	C:\Program Files\Eclipse Adoptium\jdk-17.0.12.7-hotspot\bin\vcruntime140_1.dll
0x00007ffd54e30000 - 0x00007ffd54ebd000 	C:\Program Files\Eclipse Adoptium\jdk-17.0.12.7-hotspot\bin\msvcp140.dll
0x00007ffd0e4e0000 - 0x00007ffd0f14a000 	C:\Program Files\Eclipse Adoptium\jdk-17.0.12.7-hotspot\bin\server\jvm.dll
0x00007ffd92850000 - 0x00007ffd92904000 	C:\WINDOWS\System32\ADVAPI32.dll
0x00007ffd91320000 - 0x00007ffd913c6000 	C:\WINDOWS\System32\sechost.dll
0x00007ffd91f80000 - 0x00007ffd92096000 	C:\WINDOWS\System32\RPCRT4.dll
0x00007ffd92a00000 - 0x00007ffd92a74000 	C:\WINDOWS\System32\WS2_32.dll
0x00007ffd8f420000 - 0x00007ffd8f46e000 	C:\WINDOWS\SYSTEM32\POWRPROF.dll
0x00007ffd835b0000 - 0x00007ffd835bb000 	C:\WINDOWS\SYSTEM32\VERSION.dll
0x00007ffd85700000 - 0x00007ffd85736000 	C:\WINDOWS\SYSTEM32\WINMM.dll
0x00007ffd8f400000 - 0x00007ffd8f414000 	C:\WINDOWS\SYSTEM32\UMPDC.dll
0x00007ffd8f6c0000 - 0x00007ffd8f6da000 	C:\WINDOWS\SYSTEM32\kernel.appcore.dll
0x00007ffd89b40000 - 0x00007ffd89b4a000 	C:\Program Files\Eclipse Adoptium\jdk-17.0.12.7-hotspot\bin\jimage.dll
0x00007ffd8e190000 - 0x00007ffd8e3d1000 	C:\WINDOWS\SYSTEM32\DBGHELP.DLL
0x00007ffd920b0000 - 0x00007ffd9242e000 	C:\WINDOWS\System32\combase.dll
0x00007ffd92b50000 - 0x00007ffd92c26000 	C:\WINDOWS\System32\OLEAUT32.dll
0x00007ffd5a160000 - 0x00007ffd5a199000 	C:\WINDOWS\SYSTEM32\dbgcore.DLL
0x00007ffd911a0000 - 0x00007ffd91239000 	C:\WINDOWS\System32\bcryptPrimitives.dll
0x00007ffd58750000 - 0x00007ffd58775000 	C:\Program Files\Eclipse Adoptium\jdk-17.0.12.7-hotspot\bin\java.dll

dbghelp: loaded successfully - version: 4.0.5 - missing functions: none
symbol engine: initialized successfully - sym options: 0x614 - pdb path: .;C:\Program Files\Eclipse Adoptium\jdk-17.0.12.7-hotspot\bin;C:\WINDOWS\SYSTEM32;C:\WINDOWS\WinSxS\amd64_microsoft.windows.common-controls_6595b64144ccf1df_6.0.26100.2454_none_3e0b68a2e331ad60;C:\Program Files\Eclipse Adoptium\jdk-17.0.12.7-hotspot\bin\server

VM Arguments:
jvm_args: -Dfile.encoding=UTF-8 --module-path=C:\Life Code\Project\UniversityProject\build\classes 
java_command: universityproject.About
java_class_path (initial): C:\Life Code\Project\UniversityProject\build\classes
Launcher Type: SUN_STANDARD

[Global flags]
     intx CICompilerCount                          = 4                                         {product} {ergonomic}
     uint ConcGCThreads                            = 2                                         {product} {ergonomic}
     uint G1ConcRefinementThreads                  = 8                                         {product} {ergonomic}
   size_t G1HeapRegionSize                         = 1048576                                   {product} {ergonomic}
    uintx GCDrainStackTargetSize                   = 64                                        {product} {ergonomic}
   size_t InitialHeapSize                          = 132120576                                 {product} {ergonomic}
   size_t MarkStackSize                            = 4194304                                   {product} {ergonomic}
   size_t MaxHeapSize                              = 2105540608                                {product} {ergonomic}
   size_t MinHeapDeltaBytes                        = 1048576                                   {product} {ergonomic}
   size_t MinHeapSize                              = 8388608                                   {product} {ergonomic}
    uintx NonNMethodCodeHeapSize                   = 5839372                                {pd product} {ergonomic}
    uintx NonProfiledCodeHeapSize                  = 122909434                              {pd product} {ergonomic}
    uintx ProfiledCodeHeapSize                     = 122909434                              {pd product} {ergonomic}
    uintx ReservedCodeCacheSize                    = 251658240                              {pd product} {ergonomic}
     bool SegmentedCodeCache                       = true                                      {product} {ergonomic}
   size_t SoftMaxHeapSize                          = 2105540608                             {manageable} {ergonomic}
     bool UseCompressedClassPointers               = true                           {product lp64_product} {ergonomic}
     bool UseCompressedOops                        = true                           {product lp64_product} {ergonomic}
     bool UseG1GC                                  = true                                      {product} {ergonomic}
     bool UseLargePagesIndividualAllocation        = false                                  {pd product} {ergonomic}

Logging:
Log output configuration:
 #0: stdout all=warning uptime,level,tags
 #1: stderr all=off uptime,level,tags

Environment Variables:
JAVA_HOME=C:\Program Files\Eclipse Adoptium\jdk-17.0.12.7-hotspot\
PATH=C:\Program Files\Eclipse Adoptium\jdk-17.0.12.7-hotspot\bin;C:\WINDOWS\system32;C:\WINDOWS;C:\WINDOWS\System32\Wbem;C:\WINDOWS\System32\WindowsPowerShell\v1.0\;C:\WINDOWS\System32\OpenSSH\;C:\Program Files\Intel\WiFi\bin\;C:\Program Files\Common Files\Intel\WirelessCommon\;C:\Program Files\Microsoft VS Code\bin;C:\Program Files\Git\cmd;C:\Users\jubair\AppData\Local\Programs\Python\Python313\Scripts\;C:\Users\jubair\AppData\Local\Programs\Python\Python313\;C:\Users\jubair\AppData\Local\Programs\Python\Launcher\;C:\Users\jubair\AppData\Local\Microsoft\WindowsApps;C:\_code\_Compiler\MinGW\bin;C:\Program Files\Microsoft VS Code\bin;C:\Life Code\_Compiler\MinGW\bin;C:\Users\jubair\AppData\Local\GitHubDesktop\bin
USERNAME=jubair
OS=Windows_NT
PROCESSOR_IDENTIFIER=Intel64 Family 6 Model 142 Stepping 10, GenuineIntel
TMP=C:\Users\jubair\AppData\Local\Temp
TEMP=C:\Users\jubair\AppData\Local\Temp



Periodic native trim disabled


---------------  S Y S T E M  ---------------

OS:
 Windows 11 , 64 bit Build 26100 (10.0.26100.2454)
OS uptime: 5 days 6:46 hours
Hyper-V role detected

CPU: total 8 (initial active 8) (4 cores per cpu, 2 threads per core) family 6 model 142 stepping 10 microcode 0xe0, cx8, cmov, fxsr, ht, mmx, 3dnowpref, sse, sse2, sse3, ssse3, sse4.1, sse4.2, popcnt, lzcnt, tsc, tscinvbit, avx, avx2, aes, erms, clmul, bmi1, bmi2, rtm, adx, fma, vzeroupper, clflush, clflushopt, hv
Processor Information for processor 0
  Max Mhz: 1896, Current Mhz: 1696, Mhz Limit: 1687
Processor Information for processor 1
  Max Mhz: 1896, Current Mhz: 1496, Mhz Limit: 1687
Processor Information for processor 2
  Max Mhz: 1896, Current Mhz: 1696, Mhz Limit: 1687
Processor Information for processor 3
  Max Mhz: 1896, Current Mhz: 1496, Mhz Limit: 1687
Processor Information for processor 4
  Max Mhz: 1896, Current Mhz: 1496, Mhz Limit: 1687
Processor Information for processor 5
  Max Mhz: 1896, Current Mhz: 1696, Mhz Limit: 1687
Processor Information for processor 6
  Max Mhz: 1896, Current Mhz: 1496, Mhz Limit: 1687
Processor Information for processor 7
  Max Mhz: 1896, Current Mhz: 1496, Mhz Limit: 1687

Memory: 4k page, system-wide physical 8030M (1134M free)
TotalPageFile size 32606M (AvailPageFile size 44M)
current process WorkingSet (physical memory assigned to process): 12M, peak: 12M
current process commit charge ("private bytes"): 60M, peak: 186M

vm_info: OpenJDK 64-Bit Server VM (17.0.12+7) for windows-amd64 JRE (17.0.12+7), built on Jul 16 2024 22:08:24 by "admin" with MS VC++ 16.10 / 16.11 (VS2019)

END.
